{"/Users/nals_macbook_236/Workspace/test/front-end-unitest-main/src/models/payment.model.ts": {"path":"/Users/nals_macbook_236/Workspace/test/front-end-unitest-main/src/models/payment.model.ts","statementMap":{"0":{"start":{"line":1,"column":0},"end":{"line":1,"column":null}},"1":{"start":{"line":2,"column":2},"end":{"line":2,"column":null}},"2":{"start":{"line":3,"column":2},"end":{"line":3,"column":null}},"3":{"start":{"line":4,"column":2},"end":{"line":4,"column":null}}},"fnMap":{"0":{"name":"(anonymous_0)","decl":{"start":{"line":1,"column":0},"end":{"line":1,"column":12}},"loc":{"start":{"line":1,"column":25},"end":{"line":5,"column":1}}}},"branchMap":{"0":{"loc":{"start":{"line":1,"column":12},"end":{"line":1,"column":null}},"type":"binary-expr","locations":[{"start":{"line":1,"column":12},"end":{"line":1,"column":25}},{"start":{"line":1,"column":25},"end":{"line":1,"column":null}}]}},"s":{"0":2,"1":2,"2":2,"3":2},"f":{"0":2},"b":{"0":[2,2]}}
,"/Users/nals_macbook_236/Workspace/test/front-end-unitest-main/src/services/order.service.ts": {"path":"/Users/nals_macbook_236/Workspace/test/front-end-unitest-main/src/services/order.service.ts","statementMap":{"0":{"start":{"line":6,"column":14},"end":{"line":6,"column":64}},"1":{"start":{"line":9,"column":4},"end":{"line":11,"column":5}},"2":{"start":{"line":10,"column":6},"end":{"line":10,"column":50}},"3":{"start":{"line":13,"column":4},"end":{"line":15,"column":5}},"4":{"start":{"line":13,"column":33},"end":{"line":13,"column":70}},"5":{"start":{"line":14,"column":6},"end":{"line":14,"column":49}},"6":{"start":{"line":17,"column":21},"end":{"line":17,"column":91}},"7":{"start":{"line":17,"column":55},"end":{"line":17,"column":87}},"8":{"start":{"line":19,"column":4},"end":{"line":21,"column":5}},"9":{"start":{"line":20,"column":6},"end":{"line":20,"column":60}},"10":{"start":{"line":23,"column":4},"end":{"line":36,"column":5}},"11":{"start":{"line":24,"column":23},"end":{"line":24,"column":107}},"12":{"start":{"line":25,"column":21},"end":{"line":25,"column":42}},"13":{"start":{"line":27,"column":6},"end":{"line":29,"column":7}},"14":{"start":{"line":28,"column":8},"end":{"line":28,"column":42}},"15":{"start":{"line":31,"column":6},"end":{"line":31,"column":36}},"16":{"start":{"line":33,"column":6},"end":{"line":35,"column":7}},"17":{"start":{"line":34,"column":8},"end":{"line":34,"column":23}},"18":{"start":{"line":38,"column":25},"end":{"line":42,"column":null}},"19":{"start":{"line":44,"column":26},"end":{"line":48,"column":6}},"20":{"start":{"line":50,"column":25},"end":{"line":50,"column":51}},"21":{"start":{"line":52,"column":4},"end":{"line":52,"column":49}},"22":{"start":{"line":5,"column":0},"end":{"line":5,"column":13}}},"fnMap":{"0":{"name":"(anonymous_0)","decl":{"start":{"line":6,"column":2},"end":{"line":6,"column":14}},"loc":{"start":{"line":6,"column":61},"end":{"line":6,"column":65}}},"1":{"name":"(anonymous_1)","decl":{"start":{"line":8,"column":2},"end":{"line":8,"column":7}},"loc":{"start":{"line":8,"column":37},"end":{"line":53,"column":3}}},"2":{"name":"(anonymous_2)","decl":{"start":{"line":13,"column":25},"end":{"line":13,"column":29}},"loc":{"start":{"line":13,"column":33},"end":{"line":13,"column":70}}},"3":{"name":"(anonymous_3)","decl":{"start":{"line":17,"column":40},"end":{"line":17,"column":41}},"loc":{"start":{"line":17,"column":55},"end":{"line":17,"column":87}}}},"branchMap":{"0":{"loc":{"start":{"line":9,"column":4},"end":{"line":11,"column":5}},"type":"if","locations":[{"start":{"line":9,"column":4},"end":{"line":11,"column":5}}]},"1":{"loc":{"start":{"line":13,"column":4},"end":{"line":15,"column":5}},"type":"if","locations":[{"start":{"line":13,"column":4},"end":{"line":15,"column":5}}]},"2":{"loc":{"start":{"line":13,"column":33},"end":{"line":13,"column":70}},"type":"binary-expr","locations":[{"start":{"line":13,"column":33},"end":{"line":13,"column":48}},{"start":{"line":13,"column":52},"end":{"line":13,"column":70}}]},"3":{"loc":{"start":{"line":19,"column":4},"end":{"line":21,"column":5}},"type":"if","locations":[{"start":{"line":19,"column":4},"end":{"line":21,"column":5}}]},"4":{"loc":{"start":{"line":23,"column":4},"end":{"line":36,"column":5}},"type":"if","locations":[{"start":{"line":23,"column":4},"end":{"line":36,"column":5}}]},"5":{"loc":{"start":{"line":27,"column":6},"end":{"line":29,"column":7}},"type":"if","locations":[{"start":{"line":27,"column":6},"end":{"line":29,"column":7}}]},"6":{"loc":{"start":{"line":33,"column":6},"end":{"line":35,"column":7}},"type":"if","locations":[{"start":{"line":33,"column":6},"end":{"line":35,"column":7}}]}},"s":{"0":9,"1":14,"2":1,"3":13,"4":13,"5":9,"6":4,"7":4,"8":4,"9":0,"10":4,"11":3,"12":3,"13":3,"14":1,"15":2,"16":2,"17":1,"18":3,"19":3,"20":3,"21":3,"22":1},"f":{"0":9,"1":14,"2":13,"3":4},"b":{"0":[1],"1":[9],"2":[13,7],"3":[0],"4":[3],"5":[1],"6":[1]}}
,"/Users/nals_macbook_236/Workspace/test/front-end-unitest-main/src/services/payment.service.ts": {"path":"/Users/nals_macbook_236/Workspace/test/front-end-unitest-main/src/services/payment.service.ts","statementMap":{"0":{"start":{"line":1,"column":0},"end":{"line":1,"column":56}},"1":{"start":{"line":5,"column":19},"end":{"line":9,"column":null}},"2":{"start":{"line":12,"column":28},"end":{"line":24,"column":6}},"3":{"start":{"line":13,"column":6},"end":{"line":16,"column":7}},"4":{"start":{"line":15,"column":8},"end":{"line":15,"column":36}},"5":{"start":{"line":18,"column":6},"end":{"line":21,"column":7}},"6":{"start":{"line":20,"column":8},"end":{"line":20,"column":36}},"7":{"start":{"line":23,"column":6},"end":{"line":23,"column":22}},"8":{"start":{"line":26,"column":4},"end":{"line":26,"column":37}},"9":{"start":{"line":30,"column":4},"end":{"line":30,"column":81}},"10":{"start":{"line":4,"column":0},"end":{"line":4,"column":13}}},"fnMap":{"0":{"name":"(anonymous_0)","decl":{"start":{"line":4,"column":0},"end":{"line":4,"column":13}},"loc":{"start":{"line":4,"column":0},"end":{"line":32,"column":1}}},"1":{"name":"(anonymous_1)","decl":{"start":{"line":11,"column":2},"end":{"line":11,"column":20}},"loc":{"start":{"line":11,"column":39},"end":{"line":27,"column":3}}},"2":{"name":"(anonymous_2)","decl":{"start":{"line":12,"column":57},"end":{"line":12,"column":63}},"loc":{"start":{"line":12,"column":66},"end":{"line":24,"column":5}}},"3":{"name":"(anonymous_3)","decl":{"start":{"line":29,"column":2},"end":{"line":29,"column":7}},"loc":{"start":{"line":29,"column":31},"end":{"line":31,"column":3}}}},"branchMap":{"0":{"loc":{"start":{"line":13,"column":6},"end":{"line":16,"column":7}},"type":"if","locations":[{"start":{"line":13,"column":6},"end":{"line":16,"column":7}}]},"1":{"loc":{"start":{"line":18,"column":6},"end":{"line":21,"column":7}},"type":"if","locations":[{"start":{"line":18,"column":6},"end":{"line":21,"column":7}}]}},"s":{"0":2,"1":15,"2":13,"3":39,"4":13,"5":26,"6":13,"7":13,"8":13,"9":1,"10":2},"f":{"0":15,"1":13,"2":39,"3":1},"b":{"0":[13],"1":[13]}}
}
