TN:
SF:src/models/payment.model.ts
FN:1,(anonymous_0)
FNF:1
FNH:1
FNDA:2,(anonymous_0)
DA:1,2
DA:2,2
DA:3,2
DA:4,2
LF:4
LH:4
BRDA:1,0,0,2
BRDA:1,0,1,2
BRF:2
BRH:2
end_of_record
TN:
SF:src/services/order.service.ts
FN:6,(anonymous_0)
FN:8,(anonymous_1)
FN:13,(anonymous_2)
FN:17,(anonymous_3)
FNF:4
FNH:4
FNDA:9,(anonymous_0)
FNDA:14,(anonymous_1)
FNDA:13,(anonymous_2)
FNDA:4,(anonymous_3)
DA:5,1
DA:6,9
DA:9,14
DA:10,1
DA:13,13
DA:14,9
DA:17,4
DA:19,4
DA:20,0
DA:23,4
DA:24,3
DA:25,3
DA:27,3
DA:28,1
DA:31,2
DA:33,2
DA:34,1
DA:38,3
DA:44,3
DA:50,3
DA:52,3
LF:21
LH:20
BRDA:9,0,0,1
BRDA:13,1,0,9
BRDA:13,2,0,13
BRDA:13,2,1,7
BRDA:19,3,0,0
BRDA:23,4,0,3
BRDA:27,5,0,1
BRDA:33,6,0,1
BRF:8
BRH:7
end_of_record
TN:
SF:src/services/payment.service.ts
FN:4,(anonymous_0)
FN:11,(anonymous_1)
FN:12,(anonymous_2)
FN:29,(anonymous_3)
FNF:4
FNH:4
FNDA:15,(anonymous_0)
FNDA:13,(anonymous_1)
FNDA:39,(anonymous_2)
FNDA:1,(anonymous_3)
DA:1,2
DA:4,2
DA:5,15
DA:12,13
DA:13,39
DA:15,13
DA:18,26
DA:20,13
DA:23,13
DA:26,13
DA:30,1
LF:11
LH:11
BRDA:13,0,0,13
BRDA:18,1,0,13
BRF:2
BRH:2
end_of_record
